# JRE version: OpenJDK Runtime Environment Temurin-21.0.9+10 (21.0.9+10) (build 21.0.9+10-LTS)
# Java VM: OpenJDK 64-Bit Server VM Temurin-21.0.9+10 (21.0.9+10-LTS, mixed mode, sharing, tiered, compressed oops, compressed class ptrs, parallel gc, windows-amd64)
GC Precious Log:
 CardTable entry size: 512
 CPUs: 12 total, 12 available
 Memory: 7863M
 Large Page Support: Disabled
 NUMA Support: Disabled
 Compressed Oops: Enabled (32-bit)
 Alignments: Space 512K, Generation 512K, Heap 2M
 Heap Min Capacity: 100M
 Heap Initial Capacity: 100M
 Heap Max Capacity: 2G
 Pre-touch: Disabled
 Parallel Workers: 10
Heap:
 PSYoungGen      total 3584K, used 1784K [0x00000000d5580000, 0x00000000d5a80000, 0x0000000100000000)
  eden space 3072K, 46% used [0x00000000d5580000,0x00000000d56e61c8,0x00000000d5880000)
  from space 512K, 68% used [0x00000000d5a00000,0x00000000d5a58000,0x00000000d5a80000)
  to   space 512K, 0% used [0x00000000d5880000,0x00000000d5880000,0x00000000d5900000)
 ParOldGen       total 1309696K, used 1309603K [0x0000000080000000, 0x00000000cff00000, 0x00000000d5580000)
  object space 1309696K, 99% used [0x0000000080000000,0x00000000cfee8e60,0x00000000cff00000)
 Metaspace       used 74221K, committed 75840K, reserved 1179648K
  class space    used 7824K, committed 8576K, reserved 1048576K
GC Heap History (20 events):
Event: 326.856 GC heap before
{Heap before GC invocations=2284 (full 3):
 PSYoungGen      total 4608K, used 4576K [0x00000000d5580000, 0x00000000d6480000, 0x0000000100000000)
  eden space 4096K, 99% used [0x00000000d5580000,0x00000000d5978378,0x00000000d5980000)
  from space 512K, 99% used [0x00000000d5d80000,0x00000000d5dffdb8,0x00000000d5e00000)
  to   space 4096K, 0% used [0x00000000d5980000,0x00000000d5980000,0x00000000d5d80000)
 ParOldGen       total 1300992K, used 1300704K [0x0000000080000000, 0x00000000cf680000, 0x00000000d5580000)
  object space 1300992K, 99% used [0x0000000080000000,0x00000000cf638118,0x00000000cf680000)
 Metaspace       used 74025K, committed 75712K, reserved 1179648K
  class space    used 7814K, committed 8576K, reserved 1048576K
}
Event: 326.887 GC heap after
{Heap after GC invocations=2284 (full 3):
 PSYoungGen      total 6144K, used 1892K [0x00000000d5580000, 0x00000000d5e80000, 0x0000000100000000)
  eden space 4096K, 0% used [0x00000000d5580000,0x00000000d5580000,0x00000000d5980000)
  from space 2048K, 92% used [0x00000000d5980000,0x00000000d5b59330,0x00000000d5b80000)
  to   space 2560K, 0% used [0x00000000d5c00000,0x00000000d5c00000,0x00000000d5e80000)
 ParOldGen       total 1300992K, used 1300912K [0x0000000080000000, 0x00000000cf680000, 0x00000000d5580000)
  object space 1300992K, 99% used [0x0000000080000000,0x00000000cf66c128,0x00000000cf680000)
 Metaspace       used 74025K, committed 75712K, reserved 1179648K
  class space    used 7814K, committed 8576K, reserved 1048576K
}
Event: 327.934 GC heap before
{Heap before GC invocations=2285 (full 3):
 PSYoungGen      total 6144K, used 5988K [0x00000000d5580000, 0x00000000d5e80000, 0x0000000100000000)
  eden space 4096K, 100% used [0x00000000d5580000,0x00000000d5980000,0x00000000d5980000)
  from space 2048K, 92% used [0x00000000d5980000,0x00000000d5b59330,0x00000000d5b80000)
  to   space 2560K, 0% used [0x00000000d5c00000,0x00000000d5c00000,0x00000000d5e80000)
 ParOldGen       total 1300992K, used 1300912K [0x0000000080000000, 0x00000000cf680000, 0x00000000d5580000)
  object space 1300992K, 99% used [0x0000000080000000,0x00000000cf66c128,0x00000000cf680000)
 Metaspace       used 74025K, committed 75712K, reserved 1179648K
  class space    used 7814K, committed 8576K, reserved 1048576K
}
Event: 327.970 GC heap after
{Heap after GC invocations=2285 (full 3):
 PSYoungGen      total 3072K, used 2545K [0x00000000d5580000, 0x00000000d6680000, 0x0000000100000000)
  eden space 512K, 0% used [0x00000000d5580000,0x00000000d5580000,0x00000000d5600000)
  from space 2560K, 99% used [0x00000000d5c00000,0x00000000d5e7c550,0x00000000d5e80000)
  to   space 6144K, 0% used [0x00000000d5600000,0x00000000d5600000,0x00000000d5c00000)
 ParOldGen       total 1304576K, used 1304074K [0x0000000080000000, 0x00000000cfa00000, 0x00000000d5580000)
  object space 1304576K, 99% used [0x0000000080000000,0x00000000cf982b00,0x00000000cfa00000)
 Metaspace       used 74025K, committed 75712K, reserved 1179648K
  class space    used 7814K, committed 8576K, reserved 1048576K
}
Event: 328.046 GC heap before
{Heap before GC invocations=2286 (full 3):
 PSYoungGen      total 3072K, used 3057K [0x00000000d5580000, 0x00000000d6680000, 0x0000000100000000)
  eden space 512K, 100% used [0x00000000d5580000,0x00000000d5600000,0x00000000d5600000)
  from space 2560K, 99% used [0x00000000d5c00000,0x00000000d5e7c550,0x00000000d5e80000)
  to   space 6144K, 0% used [0x00000000d5600000,0x00000000d5600000,0x00000000d5c00000)
 ParOldGen       total 1304576K, used 1304074K [0x0000000080000000, 0x00000000cfa00000, 0x00000000d5580000)
  object space 1304576K, 99% used [0x0000000080000000,0x00000000cf982b00,0x00000000cfa00000)
 Metaspace       used 74025K, committed 75712K, reserved 1179648K
  class space    used 7814K, committed 8576K, reserved 1048576K
}
Event: 328.052 GC heap after
{Heap after GC invocations=2286 (full 3):
 PSYoungGen      total 1536K, used 612K [0x00000000d5580000, 0x00000000d5c80000, 0x0000000100000000)
  eden space 512K, 0% used [0x00000000d5580000,0x00000000d5580000,0x00000000d5600000)
  from space 1024K, 59% used [0x00000000d5600000,0x00000000d5699078,0x00000000d5700000)
  to   space 2560K, 0% used [0x00000000d5a00000,0x00000000d5a00000,0x00000000d5c80000)
 ParOldGen       total 1306624K, used 1306523K [0x0000000080000000, 0x00000000cfc00000, 0x00000000d5580000)
  object space 1306624K, 99% used [0x0000000080000000,0x00000000cfbe6e88,0x00000000cfc00000)
 Metaspace       used 74025K, committed 75712K, reserved 1179648K
  class space    used 7814K, committed 8576K, reserved 1048576K
}
Event: 328.129 GC heap before
{Heap before GC invocations=2287 (full 3):
 PSYoungGen      total 1536K, used 1117K [0x00000000d5580000, 0x00000000d5c80000, 0x0000000100000000)
  eden space 512K, 98% used [0x00000000d5580000,0x00000000d55fe630,0x00000000d5600000)
  from space 1024K, 59% used [0x00000000d5600000,0x00000000d5699078,0x00000000d5700000)
  to   space 2560K, 0% used [0x00000000d5a00000,0x00000000d5a00000,0x00000000d5c80000)
 ParOldGen       total 1306624K, used 1306523K [0x0000000080000000, 0x00000000cfc00000, 0x00000000d5580000)
  object space 1306624K, 99% used [0x0000000080000000,0x00000000cfbe6e88,0x00000000cfc00000)
 Metaspace       used 74027K, committed 75712K, reserved 1179648K
  class space    used 7814K, committed 8576K, reserved 1048576K
}
Event: 328.139 GC heap after
{Heap after GC invocations=2287 (full 3):
 PSYoungGen      total 1024K, used 352K [0x00000000d5580000, 0x00000000d5a80000, 0x0000000100000000)
  eden space 512K, 0% used [0x00000000d5580000,0x00000000d5580000,0x00000000d5600000)
  from space 512K, 68% used [0x00000000d5a00000,0x00000000d5a58000,0x00000000d5a80000)
  to   space 1024K, 0% used [0x00000000d5880000,0x00000000d5880000,0x00000000d5980000)
 ParOldGen       total 1307136K, used 1306994K [0x0000000080000000, 0x00000000cfc80000, 0x00000000d5580000)
  object space 1307136K, 99% used [0x0000000080000000,0x00000000cfc5c9d0,0x00000000cfc80000)
 Metaspace       used 74027K, committed 75712K, reserved 1179648K
  class space    used 7814K, committed 8576K, reserved 1048576K
}
Event: 328.168 GC heap before
{Heap before GC invocations=2288 (full 3):
 PSYoungGen      total 1024K, used 864K [0x00000000d5580000, 0x00000000d5a80000, 0x0000000100000000)
  eden space 512K, 100% used [0x00000000d5580000,0x00000000d5600000,0x00000000d5600000)
  from space 512K, 68% used [0x00000000d5a00000,0x00000000d5a58000,0x00000000d5a80000)
  to   space 1024K, 0% used [0x00000000d5880000,0x00000000d5880000,0x00000000d5980000)
 ParOldGen       total 1307136K, used 1306994K [0x0000000080000000, 0x00000000cfc80000, 0x00000000d5580000)
  object space 1307136K, 99% used [0x0000000080000000,0x00000000cfc5c9d0,0x00000000cfc80000)
 Metaspace       used 74027K, committed 75712K, reserved 1179648K
  class space    used 7814K, committed 8576K, reserved 1048576K
}
Event: 328.172 GC heap after
{Heap after GC invocations=2288 (full 3):
 PSYoungGen      total 4096K, used 352K [0x00000000d5580000, 0x00000000d5a80000, 0x0000000100000000)
  eden space 3072K, 0% used [0x00000000d5580000,0x00000000d5580000,0x00000000d5880000)
  from space 1024K, 34% used [0x00000000d5880000,0x00000000d58d8000,0x00000000d5980000)
  to   space 512K, 0% used [0x00000000d5a00000,0x00000000d5a00000,0x00000000d5a80000)
 ParOldGen       total 1307648K, used 1307146K [0x0000000080000000, 0x00000000cfd00000, 0x00000000d5580000)
  object space 1307648K, 99% used [0x0000000080000000,0x00000000cfc829d0,0x00000000cfd00000)
 Metaspace       used 74027K, committed 75712K, reserved 1179648K
  class space    used 7814K, committed 8576K, reserved 1048576K
}
Event: 330.432 GC heap before
{Heap before GC invocations=2289 (full 3):
 PSYoungGen      total 4096K, used 3424K [0x00000000d5580000, 0x00000000d5a80000, 0x0000000100000000)
  eden space 3072K, 100% used [0x00000000d5580000,0x00000000d5880000,0x00000000d5880000)
  from space 1024K, 34% used [0x00000000d5880000,0x00000000d58d8000,0x00000000d5980000)
  to   space 512K, 0% used [0x00000000d5a00000,0x00000000d5a00000,0x00000000d5a80000)
 ParOldGen       total 1307648K, used 1307146K [0x0000000080000000, 0x00000000cfd00000, 0x00000000d5580000)
  object space 1307648K, 99% used [0x0000000080000000,0x00000000cfc829d0,0x00000000cfd00000)
 Metaspace       used 74064K, committed 75712K, reserved 1179648K
  class space    used 7816K, committed 8576K, reserved 1048576K
}
Event: 330.438 GC heap after
{Heap after GC invocations=2289 (full 3):
 PSYoungGen      total 3584K, used 400K [0x00000000d5580000, 0x00000000d5a80000, 0x0000000100000000)
  eden space 3072K, 0% used [0x00000000d5580000,0x00000000d5580000,0x00000000d5880000)
  from space 512K, 78% used [0x00000000d5a00000,0x00000000d5a64010,0x00000000d5a80000)
  to   space 512K, 0% used [0x00000000d5980000,0x00000000d5980000,0x00000000d5a00000)
 ParOldGen       total 1307648K, used 1307282K [0x0000000080000000, 0x00000000cfd00000, 0x00000000d5580000)
  object space 1307648K, 99% used [0x0000000080000000,0x00000000cfca49d0,0x00000000cfd00000)
 Metaspace       used 74064K, committed 75712K, reserved 1179648K
  class space    used 7816K, committed 8576K, reserved 1048576K
}
Event: 330.692 GC heap before
{Heap before GC invocations=2290 (full 3):
 PSYoungGen      total 3584K, used 3370K [0x00000000d5580000, 0x00000000d5a80000, 0x0000000100000000)
  eden space 3072K, 96% used [0x00000000d5580000,0x00000000d5866818,0x00000000d5880000)
  from space 512K, 78% used [0x00000000d5a00000,0x00000000d5a64010,0x00000000d5a80000)
  to   space 512K, 0% used [0x00000000d5980000,0x00000000d5980000,0x00000000d5a00000)
 ParOldGen       total 1307648K, used 1307282K [0x0000000080000000, 0x00000000cfd00000, 0x00000000d5580000)
  object space 1307648K, 99% used [0x0000000080000000,0x00000000cfca49d0,0x00000000cfd00000)
 Metaspace       used 74069K, committed 75712K, reserved 1179648K
  class space    used 7816K, committed 8576K, reserved 1048576K
}
Event: 330.697 GC heap after
{Heap after GC invocations=2290 (full 3):
 PSYoungGen      total 3584K, used 511K [0x00000000d5580000, 0x00000000d5c80000, 0x0000000100000000)
  eden space 3072K, 0% used [0x00000000d5580000,0x00000000d5580000,0x00000000d5880000)
  from space 512K, 99% used [0x00000000d5980000,0x00000000d59ffc38,0x00000000d5a00000)
  to   space 2048K, 0% used [0x00000000d5a80000,0x00000000d5a80000,0x00000000d5c80000)
 ParOldGen       total 1308672K, used 1308457K [0x0000000080000000, 0x00000000cfe00000, 0x00000000d5580000)
  object space 1308672K, 99% used [0x0000000080000000,0x00000000cfdca738,0x00000000cfe00000)
 Metaspace       used 74069K, committed 75712K, reserved 1179648K
  class space    used 7816K, committed 8576K, reserved 1048576K
}
Event: 330.781 GC heap before
{Heap before GC invocations=2291 (full 3):
 PSYoungGen      total 3584K, used 3583K [0x00000000d5580000, 0x00000000d5c80000, 0x0000000100000000)
  eden space 3072K, 100% used [0x00000000d5580000,0x00000000d5880000,0x00000000d5880000)
  from space 512K, 99% used [0x00000000d5980000,0x00000000d59ffc38,0x00000000d5a00000)
  to   space 2048K, 0% used [0x00000000d5a80000,0x00000000d5a80000,0x00000000d5c80000)
 ParOldGen       total 1308672K, used 1308457K [0x0000000080000000, 0x00000000cfe00000, 0x00000000d5580000)
  object space 1308672K, 99% used [0x0000000080000000,0x00000000cfdca738,0x00000000cfe00000)
 Metaspace       used 74071K, committed 75712K, reserved 1179648K
  class space    used 7816K, committed 8576K, reserved 1048576K
}
Event: 330.787 GC heap after
{Heap after GC invocations=2291 (full 3):
 PSYoungGen      total 5120K, used 1532K [0x00000000d5580000, 0x00000000d5c80000, 0x0000000100000000)
  eden space 3072K, 0% used [0x00000000d5580000,0x00000000d5580000,0x00000000d5880000)
  from space 2048K, 74% used [0x00000000d5a80000,0x00000000d5bff108,0x00000000d5c80000)
  to   space 2048K, 0% used [0x00000000d5880000,0x00000000d5880000,0x00000000d5a80000)
 ParOldGen       total 1309184K, used 1308939K [0x0000000080000000, 0x00000000cfe80000, 0x00000000d5580000)
  object space 1309184K, 99% used [0x0000000080000000,0x00000000cfe42e50,0x00000000cfe80000)
 Metaspace       used 74071K, committed 75712K, reserved 1179648K
  class space    used 7816K, committed 8576K, reserved 1048576K
}
Event: 331.388 GC heap before
{Heap before GC invocations=2292 (full 3):
 PSYoungGen      total 5120K, used 4604K [0x00000000d5580000, 0x00000000d5c80000, 0x0000000100000000)
  eden space 3072K, 100% used [0x00000000d5580000,0x00000000d5880000,0x00000000d5880000)
  from space 2048K, 74% used [0x00000000d5a80000,0x00000000d5bff108,0x00000000d5c80000)
  to   space 2048K, 0% used [0x00000000d5880000,0x00000000d5880000,0x00000000d5a80000)
 ParOldGen       total 1309184K, used 1308939K [0x0000000080000000, 0x00000000cfe80000, 0x00000000d5580000)
  object space 1309184K, 99% used [0x0000000080000000,0x00000000cfe42e50,0x00000000cfe80000)
 Metaspace       used 74094K, committed 75712K, reserved 1179648K
  class space    used 7816K, committed 8576K, reserved 1048576K
}
Event: 331.394 GC heap after
{Heap after GC invocations=2292 (full 3):
 PSYoungGen      total 3584K, used 320K [0x00000000d5580000, 0x00000000d5b00000, 0x0000000100000000)
  eden space 3072K, 0% used [0x00000000d5580000,0x00000000d5580000,0x00000000d5880000)
  from space 512K, 62% used [0x00000000d5880000,0x00000000d58d0000,0x00000000d5900000)
  to   space 1024K, 0% used [0x00000000d5a00000,0x00000000d5a00000,0x00000000d5b00000)
 ParOldGen       total 1309696K, used 1309427K [0x0000000080000000, 0x00000000cff00000, 0x00000000d5580000)
  object space 1309696K, 99% used [0x0000000080000000,0x00000000cfebce50,0x00000000cff00000)
 Metaspace       used 74094K, committed 75712K, reserved 1179648K
  class space    used 7816K, committed 8576K, reserved 1048576K
}
Event: 464.788 GC heap before
{Heap before GC invocations=2293 (full 3):
 PSYoungGen      total 3584K, used 3391K [0x00000000d5580000, 0x00000000d5b00000, 0x0000000100000000)
  eden space 3072K, 99% used [0x00000000d5580000,0x00000000d587ffd0,0x00000000d5880000)
  from space 512K, 62% used [0x00000000d5880000,0x00000000d58d0000,0x00000000d5900000)
  to   space 1024K, 0% used [0x00000000d5a00000,0x00000000d5a00000,0x00000000d5b00000)
 ParOldGen       total 1309696K, used 1309427K [0x0000000080000000, 0x00000000cff00000, 0x00000000d5580000)
  object space 1309696K, 99% used [0x0000000080000000,0x00000000cfebce50,0x00000000cff00000)
 Metaspace       used 74221K, committed 75840K, reserved 1179648K
  class space    used 7824K, committed 8576K, reserved 1048576K
}
Event: 465.203 GC heap after
{Heap after GC invocations=2293 (full 3):
 PSYoungGen      total 3584K, used 352K [0x00000000d5580000, 0x00000000d5a80000, 0x0000000100000000)
  eden space 3072K, 0% used [0x00000000d5580000,0x00000000d5580000,0x00000000d5880000)
  from space 512K, 68% used [0x00000000d5a00000,0x00000000d5a58000,0x00000000d5a80000)
  to   space 512K, 0% used [0x00000000d5880000,0x00000000d5880000,0x00000000d5900000)
 ParOldGen       total 1309696K, used 1309603K [0x0000000080000000, 0x00000000cff00000, 0x00000000d5580000)
  object space 1309696K, 99% used [0x0000000080000000,0x00000000cfee8e60,0x00000000cff00000)
 Metaspace       used 74221K, committed 75840K, reserved 1179648K
  class space    used 7824K, committed 8576K, reserved 1048576K
}

