# JRE version: OpenJDK Runtime Environment Temurin-21.0.9+10 (21.0.9+10) (build 21.0.9+10-LTS)
# Java VM: OpenJDK 64-Bit Server VM Temurin-21.0.9+10 (21.0.9+10-LTS, mixed mode, sharing, tiered, compressed oops, compressed class ptrs, parallel gc, windows-amd64)
GC Precious Log:
 CardTable entry size: 512
 CPUs: 12 total, 12 available
 Memory: 7863M
 Large Page Support: Disabled
 NUMA Support: Disabled
 Compressed Oops: Enabled (32-bit)
 Alignments: Space 512K, Generation 512K, Heap 2M
 Heap Min Capacity: 100M
 Heap Initial Capacity: 100M
 Heap Max Capacity: 2G
 Pre-touch: Disabled
 Parallel Workers: 10
Heap:
 PSYoungGen      total 26624K, used 26394K [0x00000000d5580000, 0x00000000d7600000, 0x0000000100000000)
  eden space 22016K, 100% used [0x00000000d5580000,0x00000000d6b00000,0x00000000d6b00000)
  from space 4608K, 95% used [0x00000000d7180000,0x00000000d75c6970,0x00000000d7600000)
  to   space 5120K, 98% used [0x00000000d6c00000,0x00000000d70e7960,0x00000000d7100000)
 ParOldGen       total 68608K, used 68603K [0x0000000080000000, 0x0000000084300000, 0x00000000d5580000)
  object space 68608K, 99% used [0x0000000080000000,0x00000000842fef80,0x0000000084300000)
 Metaspace       used 52360K, committed 53824K, reserved 1114112K
  class space    used 5631K, committed 6336K, reserved 1048576K
GC Heap History (20 events):
Event: 49.181 GC heap after
{Heap after GC invocations=35 (full 2):
 PSYoungGen      total 24576K, used 2520K [0x00000000d5580000, 0x00000000d7100000, 0x0000000100000000)
  eden space 22016K, 0% used [0x00000000d5580000,0x00000000d5580000,0x00000000d6b00000)
  from space 2560K, 98% used [0x00000000d6b00000,0x00000000d6d76018,0x00000000d6d80000)
  to   space 3072K, 0% used [0x00000000d6e00000,0x00000000d6e00000,0x00000000d7100000)
 ParOldGen       total 68608K, used 48570K [0x0000000080000000, 0x0000000084300000, 0x00000000d5580000)
  object space 68608K, 70% used [0x0000000080000000,0x0000000082f6e8b0,0x0000000084300000)
 Metaspace       used 51651K, committed 53056K, reserved 1114112K
  class space    used 5538K, committed 6208K, reserved 1048576K
}
Event: 50.072 GC heap before
{Heap before GC invocations=36 (full 2):
 PSYoungGen      total 24576K, used 24536K [0x00000000d5580000, 0x00000000d7100000, 0x0000000100000000)
  eden space 22016K, 100% used [0x00000000d5580000,0x00000000d6b00000,0x00000000d6b00000)
  from space 2560K, 98% used [0x00000000d6b00000,0x00000000d6d76018,0x00000000d6d80000)
  to   space 3072K, 0% used [0x00000000d6e00000,0x00000000d6e00000,0x00000000d7100000)
 ParOldGen       total 68608K, used 48570K [0x0000000080000000, 0x0000000084300000, 0x00000000d5580000)
  object space 68608K, 70% used [0x0000000080000000,0x0000000082f6e8b0,0x0000000084300000)
 Metaspace       used 51925K, committed 53376K, reserved 1114112K
  class space    used 5581K, committed 6272K, reserved 1048576K
}
Event: 50.080 GC heap after
{Heap after GC invocations=36 (full 2):
 PSYoungGen      total 25088K, used 2609K [0x00000000d5580000, 0x00000000d7100000, 0x0000000100000000)
  eden space 22016K, 0% used [0x00000000d5580000,0x00000000d5580000,0x00000000d6b00000)
  from space 3072K, 84% used [0x00000000d6e00000,0x00000000d708c410,0x00000000d7100000)
  to   space 3072K, 0% used [0x00000000d6b00000,0x00000000d6b00000,0x00000000d6e00000)
 ParOldGen       total 68608K, used 50938K [0x0000000080000000, 0x0000000084300000, 0x00000000d5580000)
  object space 68608K, 74% used [0x0000000080000000,0x00000000831be8c8,0x0000000084300000)
 Metaspace       used 51925K, committed 53376K, reserved 1114112K
  class space    used 5581K, committed 6272K, reserved 1048576K
}
Event: 50.429 GC heap before
{Heap before GC invocations=37 (full 2):
 PSYoungGen      total 25088K, used 24625K [0x00000000d5580000, 0x00000000d7100000, 0x0000000100000000)
  eden space 22016K, 100% used [0x00000000d5580000,0x00000000d6b00000,0x00000000d6b00000)
  from space 3072K, 84% used [0x00000000d6e00000,0x00000000d708c410,0x00000000d7100000)
  to   space 3072K, 0% used [0x00000000d6b00000,0x00000000d6b00000,0x00000000d6e00000)
 ParOldGen       total 68608K, used 50938K [0x0000000080000000, 0x0000000084300000, 0x00000000d5580000)
  object space 68608K, 74% used [0x0000000080000000,0x00000000831be900,0x0000000084300000)
 Metaspace       used 51930K, committed 53376K, reserved 1114112K
  class space    used 5581K, committed 6272K, reserved 1048576K
}
Event: 50.437 GC heap after
{Heap after GC invocations=37 (full 2):
 PSYoungGen      total 24576K, used 2464K [0x00000000d5580000, 0x00000000d7000000, 0x0000000100000000)
  eden space 22016K, 0% used [0x00000000d5580000,0x00000000d5580000,0x00000000d6b00000)
  from space 2560K, 96% used [0x00000000d6b00000,0x00000000d6d68010,0x00000000d6d80000)
  to   space 2560K, 0% used [0x00000000d6d80000,0x00000000d6d80000,0x00000000d7000000)
 ParOldGen       total 68608K, used 53366K [0x0000000080000000, 0x0000000084300000, 0x00000000d5580000)
  object space 68608K, 77% used [0x0000000080000000,0x000000008341d9f8,0x0000000084300000)
 Metaspace       used 51930K, committed 53376K, reserved 1114112K
  class space    used 5581K, committed 6272K, reserved 1048576K
}
Event: 50.737 GC heap before
{Heap before GC invocations=38 (full 2):
 PSYoungGen      total 24576K, used 24480K [0x00000000d5580000, 0x00000000d7000000, 0x0000000100000000)
  eden space 22016K, 100% used [0x00000000d5580000,0x00000000d6b00000,0x00000000d6b00000)
  from space 2560K, 96% used [0x00000000d6b00000,0x00000000d6d68010,0x00000000d6d80000)
  to   space 2560K, 0% used [0x00000000d6d80000,0x00000000d6d80000,0x00000000d7000000)
 ParOldGen       total 68608K, used 53369K [0x0000000080000000, 0x0000000084300000, 0x00000000d5580000)
  object space 68608K, 77% used [0x0000000080000000,0x000000008341e6e0,0x0000000084300000)
 Metaspace       used 51934K, committed 53376K, reserved 1114112K
  class space    used 5581K, committed 6272K, reserved 1048576K
}
Event: 50.744 GC heap after
{Heap after GC invocations=38 (full 2):
 PSYoungGen      total 24576K, used 2434K [0x00000000d5580000, 0x00000000d7000000, 0x0000000100000000)
  eden space 22016K, 0% used [0x00000000d5580000,0x00000000d5580000,0x00000000d6b00000)
  from space 2560K, 95% used [0x00000000d6d80000,0x00000000d6fe0800,0x00000000d7000000)
  to   space 2560K, 0% used [0x00000000d6b00000,0x00000000d6b00000,0x00000000d6d80000)
 ParOldGen       total 68608K, used 55681K [0x0000000080000000, 0x0000000084300000, 0x00000000d5580000)
  object space 68608K, 81% used [0x0000000080000000,0x00000000836606f0,0x0000000084300000)
 Metaspace       used 51934K, committed 53376K, reserved 1114112K
  class space    used 5581K, committed 6272K, reserved 1048576K
}
Event: 51.006 GC heap before
{Heap before GC invocations=39 (full 2):
 PSYoungGen      total 24576K, used 24450K [0x00000000d5580000, 0x00000000d7000000, 0x0000000100000000)
  eden space 22016K, 100% used [0x00000000d5580000,0x00000000d6b00000,0x00000000d6b00000)
  from space 2560K, 95% used [0x00000000d6d80000,0x00000000d6fe0800,0x00000000d7000000)
  to   space 2560K, 0% used [0x00000000d6b00000,0x00000000d6b00000,0x00000000d6d80000)
 ParOldGen       total 68608K, used 55681K [0x0000000080000000, 0x0000000084300000, 0x00000000d5580000)
  object space 68608K, 81% used [0x0000000080000000,0x00000000836606f0,0x0000000084300000)
 Metaspace       used 51940K, committed 53376K, reserved 1114112K
  class space    used 5581K, committed 6272K, reserved 1048576K
}
Event: 51.013 GC heap after
{Heap after GC invocations=39 (full 2):
 PSYoungGen      total 24576K, used 2080K [0x00000000d5580000, 0x00000000d7000000, 0x0000000100000000)
  eden space 22016K, 0% used [0x00000000d5580000,0x00000000d5580000,0x00000000d6b00000)
  from space 2560K, 81% used [0x00000000d6b00000,0x00000000d6d08000,0x00000000d6d80000)
  to   space 2560K, 0% used [0x00000000d6d80000,0x00000000d6d80000,0x00000000d7000000)
 ParOldGen       total 68608K, used 58056K [0x0000000080000000, 0x0000000084300000, 0x00000000d5580000)
  object space 68608K, 84% used [0x0000000080000000,0x00000000838b2120,0x0000000084300000)
 Metaspace       used 51940K, committed 53376K, reserved 1114112K
  class space    used 5581K, committed 6272K, reserved 1048576K
}
Event: 51.361 GC heap before
{Heap before GC invocations=40 (full 2):
 PSYoungGen      total 24576K, used 24096K [0x00000000d5580000, 0x00000000d7000000, 0x0000000100000000)
  eden space 22016K, 100% used [0x00000000d5580000,0x00000000d6b00000,0x00000000d6b00000)
  from space 2560K, 81% used [0x00000000d6b00000,0x00000000d6d08000,0x00000000d6d80000)
  to   space 2560K, 0% used [0x00000000d6d80000,0x00000000d6d80000,0x00000000d7000000)
 ParOldGen       total 68608K, used 58056K [0x0000000080000000, 0x0000000084300000, 0x00000000d5580000)
  object space 68608K, 84% used [0x0000000080000000,0x00000000838b2120,0x0000000084300000)
 Metaspace       used 51942K, committed 53376K, reserved 1114112K
  class space    used 5581K, committed 6272K, reserved 1048576K
}
Event: 51.367 GC heap after
{Heap after GC invocations=40 (full 2):
 PSYoungGen      total 24576K, used 2431K [0x00000000d5580000, 0x00000000d7000000, 0x0000000100000000)
  eden space 22016K, 0% used [0x00000000d5580000,0x00000000d5580000,0x00000000d6b00000)
  from space 2560K, 94% used [0x00000000d6d80000,0x00000000d6fdfc08,0x00000000d7000000)
  to   space 2560K, 0% used [0x00000000d6b00000,0x00000000d6b00000,0x00000000d6d80000)
 ParOldGen       total 68608K, used 59960K [0x0000000080000000, 0x0000000084300000, 0x00000000d5580000)
  object space 68608K, 87% used [0x0000000080000000,0x0000000083a8e120,0x0000000084300000)
 Metaspace       used 51942K, committed 53376K, reserved 1114112K
  class space    used 5581K, committed 6272K, reserved 1048576K
}
Event: 51.715 GC heap before
{Heap before GC invocations=41 (full 2):
 PSYoungGen      total 24576K, used 24447K [0x00000000d5580000, 0x00000000d7000000, 0x0000000100000000)
  eden space 22016K, 100% used [0x00000000d5580000,0x00000000d6b00000,0x00000000d6b00000)
  from space 2560K, 94% used [0x00000000d6d80000,0x00000000d6fdfc08,0x00000000d7000000)
  to   space 2560K, 0% used [0x00000000d6b00000,0x00000000d6b00000,0x00000000d6d80000)
 ParOldGen       total 68608K, used 59960K [0x0000000080000000, 0x0000000084300000, 0x00000000d5580000)
  object space 68608K, 87% used [0x0000000080000000,0x0000000083a8e120,0x0000000084300000)
 Metaspace       used 51946K, committed 53440K, reserved 1114112K
  class space    used 5581K, committed 6272K, reserved 1048576K
}
Event: 51.721 GC heap after
{Heap after GC invocations=41 (full 2):
 PSYoungGen      total 24576K, used 2544K [0x00000000d5580000, 0x00000000d7600000, 0x0000000100000000)
  eden space 22016K, 0% used [0x00000000d5580000,0x00000000d5580000,0x00000000d6b00000)
  from space 2560K, 99% used [0x00000000d6b00000,0x00000000d6d7c008,0x00000000d6d80000)
  to   space 5632K, 0% used [0x00000000d7080000,0x00000000d7080000,0x00000000d7600000)
 ParOldGen       total 68608K, used 62235K [0x0000000080000000, 0x0000000084300000, 0x00000000d5580000)
  object space 68608K, 90% used [0x0000000080000000,0x0000000083cc6f58,0x0000000084300000)
 Metaspace       used 51946K, committed 53440K, reserved 1114112K
  class space    used 5581K, committed 6272K, reserved 1048576K
}
Event: 52.105 GC heap before
{Heap before GC invocations=42 (full 2):
 PSYoungGen      total 24576K, used 24560K [0x00000000d5580000, 0x00000000d7600000, 0x0000000100000000)
  eden space 22016K, 100% used [0x00000000d5580000,0x00000000d6b00000,0x00000000d6b00000)
  from space 2560K, 99% used [0x00000000d6b00000,0x00000000d6d7c008,0x00000000d6d80000)
  to   space 5632K, 0% used [0x00000000d7080000,0x00000000d7080000,0x00000000d7600000)
 ParOldGen       total 68608K, used 62235K [0x0000000080000000, 0x0000000084300000, 0x00000000d5580000)
  object space 68608K, 90% used [0x0000000080000000,0x0000000083cc6f58,0x0000000084300000)
 Metaspace       used 51948K, committed 53440K, reserved 1114112K
  class space    used 5581K, committed 6272K, reserved 1048576K
}
Event: 52.113 GC heap after
{Heap after GC invocations=42 (full 2):
 PSYoungGen      total 24576K, used 2332K [0x00000000d5580000, 0x00000000d7300000, 0x0000000100000000)
  eden space 22016K, 0% used [0x00000000d5580000,0x00000000d5580000,0x00000000d6b00000)
  from space 2560K, 91% used [0x00000000d7080000,0x00000000d72c7010,0x00000000d7300000)
  to   space 3584K, 0% used [0x00000000d6c00000,0x00000000d6c00000,0x00000000d6f80000)
 ParOldGen       total 68608K, used 64659K [0x0000000080000000, 0x0000000084300000, 0x00000000d5580000)
  object space 68608K, 94% used [0x0000000080000000,0x0000000083f24f60,0x0000000084300000)
 Metaspace       used 51948K, committed 53440K, reserved 1114112K
  class space    used 5581K, committed 6272K, reserved 1048576K
}
Event: 52.650 GC heap before
{Heap before GC invocations=43 (full 2):
 PSYoungGen      total 24576K, used 24348K [0x00000000d5580000, 0x00000000d7300000, 0x0000000100000000)
  eden space 22016K, 100% used [0x00000000d5580000,0x00000000d6b00000,0x00000000d6b00000)
  from space 2560K, 91% used [0x00000000d7080000,0x00000000d72c7010,0x00000000d7300000)
  to   space 3584K, 0% used [0x00000000d6c00000,0x00000000d6c00000,0x00000000d6f80000)
 ParOldGen       total 68608K, used 64659K [0x0000000080000000, 0x0000000084300000, 0x00000000d5580000)
  object space 68608K, 94% used [0x0000000080000000,0x0000000083f24f60,0x0000000084300000)
 Metaspace       used 51971K, committed 53440K, reserved 1114112K
  class space    used 5582K, committed 6272K, reserved 1048576K
}
Event: 52.659 GC heap after
{Heap after GC invocations=43 (full 2):
 PSYoungGen      total 25600K, used 3580K [0x00000000d5580000, 0x00000000d7800000, 0x0000000100000000)
  eden space 22016K, 0% used [0x00000000d5580000,0x00000000d5580000,0x00000000d6b00000)
  from space 3584K, 99% used [0x00000000d6c00000,0x00000000d6f7f3e0,0x00000000d6f80000)
  to   space 6656K, 0% used [0x00000000d7180000,0x00000000d7180000,0x00000000d7800000)
 ParOldGen       total 68608K, used 66747K [0x0000000080000000, 0x0000000084300000, 0x00000000d5580000)
  object space 68608K, 97% used [0x0000000080000000,0x000000008412ef70,0x0000000084300000)
 Metaspace       used 51971K, committed 53440K, reserved 1114112K
  class space    used 5582K, committed 6272K, reserved 1048576K
}
Event: 52.954 GC heap before
{Heap before GC invocations=44 (full 2):
 PSYoungGen      total 25600K, used 25596K [0x00000000d5580000, 0x00000000d7800000, 0x0000000100000000)
  eden space 22016K, 100% used [0x00000000d5580000,0x00000000d6b00000,0x00000000d6b00000)
  from space 3584K, 99% used [0x00000000d6c00000,0x00000000d6f7f3e0,0x00000000d6f80000)
  to   space 6656K, 0% used [0x00000000d7180000,0x00000000d7180000,0x00000000d7800000)
 ParOldGen       total 68608K, used 66747K [0x0000000080000000, 0x0000000084300000, 0x00000000d5580000)
  object space 68608K, 97% used [0x0000000080000000,0x000000008412ef70,0x0000000084300000)
 Metaspace       used 52020K, committed 53504K, reserved 1114112K
  class space    used 5586K, committed 6272K, reserved 1048576K
}
Event: 52.964 GC heap after
{Heap after GC invocations=44 (full 2):
 PSYoungGen      total 26624K, used 4378K [0x00000000d5580000, 0x00000000d7600000, 0x0000000100000000)
  eden space 22016K, 0% used [0x00000000d5580000,0x00000000d5580000,0x00000000d6b00000)
  from space 4608K, 95% used [0x00000000d7180000,0x00000000d75c6970,0x00000000d7600000)
  to   space 5120K, 0% used [0x00000000d6c00000,0x00000000d6c00000,0x00000000d7100000)
 ParOldGen       total 68608K, used 68371K [0x0000000080000000, 0x0000000084300000, 0x00000000d5580000)
  object space 68608K, 99% used [0x0000000080000000,0x00000000842c4f80,0x0000000084300000)
 Metaspace       used 52020K, committed 53504K, reserved 1114112K
  class space    used 5586K, committed 6272K, reserved 1048576K
}
Event: 53.654 GC heap before
{Heap before GC invocations=45 (full 2):
 PSYoungGen      total 26624K, used 26394K [0x00000000d5580000, 0x00000000d7600000, 0x0000000100000000)
  eden space 22016K, 100% used [0x00000000d5580000,0x00000000d6b00000,0x00000000d6b00000)
  from space 4608K, 95% used [0x00000000d7180000,0x00000000d75c6970,0x00000000d7600000)
  to   space 5120K, 0% used [0x00000000d6c00000,0x00000000d6c00000,0x00000000d7100000)
 ParOldGen       total 68608K, used 68371K [0x0000000080000000, 0x0000000084300000, 0x00000000d5580000)
  object space 68608K, 99% used [0x0000000080000000,0x00000000842c4f80,0x0000000084300000)
 Metaspace       used 52360K, committed 53824K, reserved 1114112K
  class space    used 5631K, committed 6336K, reserved 1048576K
}

